2009-10-08 19:58:08 Notice: Notice (1024): Please change the value of 'Security.salt' in app/config/core.php to a salt value specific to your application in [/opt/lampp/htdocs/caketest/cake/libs/debugger.php, line 682]
2009-10-08 21:17:08 Notice: Notice (1024): Please change the value of 'Security.salt' in app/config/core.php to a salt value specific to your application in [/opt/lampp/htdocs/caketest/cake/libs/debugger.php, line 682]
2009-10-08 21:22:12 Notice: Notice (1024): Please change the value of 'Security.salt' in app/config/core.php to a salt value specific to your application in [/opt/lampp/htdocs/caketest/cake/libs/debugger.php, line 682]
2009-10-08 21:23:04 Notice: Notice (8): Undefined variable: post in [/opt/lampp/htdocs/caketest/app/views/events/details.ctp, line 3]
2009-10-08 21:23:18 Notice: Notice (8): Undefined variable: event in [/opt/lampp/htdocs/caketest/app/views/events/details.ctp, line 3]
2009-10-08 21:29:39 Notice: Notice (8): Undefined variable: events in [/opt/lampp/htdocs/caketest/app/views/events/details.ctp, line 5]
2009-10-08 21:31:46 Notice: Notice (8): Undefined index: text in [/opt/lampp/htdocs/caketest/app/views/events/details.ctp, line 6]
2009-10-08 20:14:21 Debug: Notice (8): Undefined index:  test in [C:\wamp\www\events\app\views\events\details.ctp, line 7]
2009-10-08 20:21:35 Debug: Notice (8): Undefined index:  test in [C:\wamp\www\events\app\views\events\details.ctp, line 7]
2009-10-08 20:24:00 Debug: Notice (8): Undefined index:  test in [C:\wamp\www\events\app\views\events\details.ctp, line 7]
2009-10-08 20:24:01 Debug: Notice (8): Undefined index:  test in [C:\wamp\www\events\app\views\events\details.ctp, line 7]
2009-10-08 20:24:50 Debug: Notice (8): Undefined index:  test in [C:\wamp\www\events\app\views\events\details.ctp, line 7]
2009-10-08 20:24:52 Debug: Notice (8): Undefined index:  test in [C:\wamp\www\events\app\views\events\details.ctp, line 7]
2009-10-08 20:25:04 Debug: Notice (8): Undefined index:  test in [C:\wamp\www\events\app\views\events\details.ctp, line 7]
2009-10-08 20:25:25 Debug: Notice (8): Undefined index:  test in [C:\wamp\www\events\app\views\events\details.ctp, line 7]
2009-10-08 20:25:27 Debug: Notice (8): Undefined index:  test in [C:\wamp\www\events\app\views\events\details.ctp, line 7]
2009-10-08 20:25:35 Debug: Notice (8): Undefined index:  test in [C:\wamp\www\events\app\views\events\details.ctp, line 7]
2009-10-08 20:26:03 Debug: Notice (8): Undefined index:  test in [C:\wamp\www\events\app\views\events\details.ctp, line 7]
2009-10-08 20:26:04 Debug: Notice (8): Undefined index:  test in [C:\wamp\www\events\app\views\events\details.ctp, line 7]
2009-10-08 20:26:06 Debug: Notice (8): Undefined index:  test in [C:\wamp\www\events\app\views\events\details.ctp, line 7]
2009-10-08 20:26:08 Debug: Notice (8): Undefined index:  test in [C:\wamp\www\events\app\views\events\details.ctp, line 7]
2009-10-08 20:26:51 Debug: Notice (8): Undefined index:  test in [C:\wamp\www\events\app\views\events\details.ctp, line 7]
2009-10-08 20:27:16 Debug: Notice (8): Undefined index:  test in [C:\wamp\www\events\app\views\events\details.ctp, line 7]
2009-10-08 20:27:17 Debug: Notice (8): Undefined index:  test in [C:\wamp\www\events\app\views\events\details.ctp, line 7]
2009-10-08 20:27:17 Debug: Notice (8): Undefined index:  test in [C:\wamp\www\events\app\views\events\details.ctp, line 7]
2009-10-08 20:27:17 Debug: Notice (8): Undefined index:  test in [C:\wamp\www\events\app\views\events\details.ctp, line 7]
2009-10-08 20:27:18 Debug: Notice (8): Undefined index:  test in [C:\wamp\www\events\app\views\events\details.ctp, line 7]
2009-10-08 20:29:23 Debug: Notice (8): Undefined variable: event in [C:\wamp\www\events\app\views\events\details.ctp, line 7]
2009-10-08 20:29:25 Debug: Notice (8): Undefined variable: event in [C:\wamp\www\events\app\views\events\details.ctp, line 7]
2009-10-08 20:34:04 Debug: Notice (8): Undefined variable: event in [C:\wamp\www\events\app\views\events\details.ctp, line 7]
2009-10-08 20:34:05 Debug: Notice (8): Undefined variable: event in [C:\wamp\www\events\app\views\events\details.ctp, line 7]
2009-11-12 19:27:27 Debug: Notice (8): Undefined index:  event_id in [C:\wamp\www\events\app\views\events\search.ctp, line 37]
2009-11-12 19:39:45 Debug: Notice (8): Undefined property: PaginationComponent::$pagin in [C:\wamp\www\events\app\controllers\components\pagination.php, line 187]
2009-11-12 19:43:12 Debug: Notice (8): Undefined index:  event_desc in [C:\wamp\www\events\app\views\events\details.ctp, line 19]
2009-12-02 19:07:54 Debug: Notice (8): Undefined variable: recentList in [C:\wamp\www\events\app\views\pages\home.ctp, line 11]
2009-12-02 19:07:54 Debug: Notice (8): Undefined variable: upcomingList in [C:\wamp\www\events\app\views\pages\home.ctp, line 75]
2009-12-02 19:09:43 Debug: Notice (8): Undefined variable: recentList in [C:\wamp\www\events\app\views\pages\home.ctp, line 11]
2009-12-02 19:09:43 Debug: Notice (8): Undefined variable: upcomingList in [C:\wamp\www\events\app\views\pages\home.ctp, line 75]
2009-12-02 19:23:04 Debug: Notice (8): Undefined variable: event_id in [C:\wamp\www\events\app\controllers\events_controller.php, line 21]
