2009-10-08 21:29:39 Warning: Warning (2): Invalid argument supplied for foreach() in [/opt/lampp/htdocs/caketest/app/views/events/details.ctp, line 5]
2009-10-08 19:44:49 Warning: Warning (2): mysql_connect() [<a href='http://php.net/function.mysql-connect'>function.mysql-connect</a>]: Can't connect to MySQL server on 'db1.acm.uiuc.edu' (10054) in [C:\wamp\www\events\cake\libs\model\datasources\dbo\dbo_mysql.php, line 393]
2009-10-08 19:44:49 Warning: Warning (2): mysql_select_db(): supplied argument is not a valid MySQL-Link resource in [C:\wamp\www\events\cake\libs\model\datasources\dbo\dbo_mysql.php, line 398]
2009-10-08 19:44:49 Warning: Warning (2): mysql_get_server_info(): supplied argument is not a valid MySQL-Link resource in [C:\wamp\www\events\cake\libs\model\datasources\dbo\dbo_mysql.php, line 406]
2009-10-08 19:44:49 Warning: Warning (2): mysql_query(): supplied argument is not a valid MySQL-Link resource in [C:\wamp\www\events\cake\libs\model\datasources\dbo\dbo_mysql.php, line 432]
2009-10-08 19:45:11 Warning: Warning (2): mysql_connect() [<a href='http://php.net/function.mysql-connect'>function.mysql-connect</a>]: Can't connect to MySQL server on 'db1.acm.uiuc.edu' (10054) in [C:\wamp\www\events\cake\libs\model\datasources\dbo\dbo_mysql.php, line 393]
2009-10-08 19:45:11 Warning: Warning (2): mysql_select_db(): supplied argument is not a valid MySQL-Link resource in [C:\wamp\www\events\cake\libs\model\datasources\dbo\dbo_mysql.php, line 398]
2009-10-08 19:45:11 Warning: Warning (2): mysql_get_server_info(): supplied argument is not a valid MySQL-Link resource in [C:\wamp\www\events\cake\libs\model\datasources\dbo\dbo_mysql.php, line 406]
2009-10-08 19:45:11 Warning: Warning (2): mysql_query(): supplied argument is not a valid MySQL-Link resource in [C:\wamp\www\events\cake\libs\model\datasources\dbo\dbo_mysql.php, line 432]
2009-10-08 19:52:05 Warning: Warning (2): mysql_connect() [<a href='http://php.net/function.mysql-connect'>function.mysql-connect</a>]: Can't connect to MySQL server on 'db1.acm.uiuc.edu' (10054) in [C:\wamp\www\events\cake\libs\model\datasources\dbo\dbo_mysql.php, line 393]
2009-10-08 19:52:05 Warning: Warning (2): mysql_select_db(): supplied argument is not a valid MySQL-Link resource in [C:\wamp\www\events\cake\libs\model\datasources\dbo\dbo_mysql.php, line 398]
2009-10-08 19:52:05 Warning: Warning (2): mysql_get_server_info(): supplied argument is not a valid MySQL-Link resource in [C:\wamp\www\events\cake\libs\model\datasources\dbo\dbo_mysql.php, line 406]
2009-10-08 19:52:05 Warning: Warning (2): mysql_query(): supplied argument is not a valid MySQL-Link resource in [C:\wamp\www\events\cake\libs\model\datasources\dbo\dbo_mysql.php, line 432]
2009-10-08 19:54:38 Warning: Warning (2): mysql_connect() [<a href='http://php.net/function.mysql-connect'>function.mysql-connect</a>]: Can't connect to MySQL server on 'db1.acm.uiuc.edu' (10054) in [C:\wamp\www\events\cake\libs\model\datasources\dbo\dbo_mysql.php, line 393]
2009-10-08 19:54:38 Warning: Warning (2): mysql_select_db(): supplied argument is not a valid MySQL-Link resource in [C:\wamp\www\events\cake\libs\model\datasources\dbo\dbo_mysql.php, line 398]
2009-10-08 19:54:38 Warning: Warning (2): mysql_get_server_info(): supplied argument is not a valid MySQL-Link resource in [C:\wamp\www\events\cake\libs\model\datasources\dbo\dbo_mysql.php, line 406]
2009-10-08 19:54:38 Warning: Warning (2): mysql_query(): supplied argument is not a valid MySQL-Link resource in [C:\wamp\www\events\cake\libs\model\datasources\dbo\dbo_mysql.php, line 432]
2009-10-08 20:30:11 Warning: Warning (512): <span style = "color:Red;text-align:left"><b>SQL Error:</b> 1054: Unknown column 'Event.id' in 'where clause'</span> in [C:\wamp\www\events\cake\libs\model\datasources\dbo_source.php, line 549]
2009-10-08 20:30:31 Warning: Warning (512): <span style = "color:Red;text-align:left"><b>SQL Error:</b> 1054: Unknown column 'Event.id' in 'where clause'</span> in [C:\wamp\www\events\cake\libs\model\datasources\dbo_source.php, line 549]
2009-10-08 20:30:34 Warning: Warning (512): <span style = "color:Red;text-align:left"><b>SQL Error:</b> 1054: Unknown column 'Event.id' in 'where clause'</span> in [C:\wamp\www\events\cake\libs\model\datasources\dbo_source.php, line 549]
2009-10-08 20:31:19 Warning: Warning (512): <span style = "color:Red;text-align:left"><b>SQL Error:</b> 1054: Unknown column 'Event.id' in 'where clause'</span> in [C:\wamp\www\events\cake\libs\model\datasources\dbo_source.php, line 549]
2009-10-08 20:31:20 Warning: Warning (512): <span style = "color:Red;text-align:left"><b>SQL Error:</b> 1054: Unknown column 'Event.id' in 'where clause'</span> in [C:\wamp\www\events\cake\libs\model\datasources\dbo_source.php, line 549]
2009-10-08 20:32:08 Warning: Warning (512): <span style = "color:Red;text-align:left"><b>SQL Error:</b> 1054: Unknown column 'Event.id' in 'where clause'</span> in [C:\wamp\www\events\cake\libs\model\datasources\dbo_source.php, line 549]
2009-10-08 20:32:08 Warning: Warning (512): <span style = "color:Red;text-align:left"><b>SQL Error:</b> 1054: Unknown column 'Event.id' in 'where clause'</span> in [C:\wamp\www\events\cake\libs\model\datasources\dbo_source.php, line 549]
2009-10-08 20:32:09 Warning: Warning (512): <span style = "color:Red;text-align:left"><b>SQL Error:</b> 1054: Unknown column 'Event.id' in 'where clause'</span> in [C:\wamp\www\events\cake\libs\model\datasources\dbo_source.php, line 549]
2009-10-08 20:32:09 Warning: Warning (512): <span style = "color:Red;text-align:left"><b>SQL Error:</b> 1054: Unknown column 'Event.id' in 'where clause'</span> in [C:\wamp\www\events\cake\libs\model\datasources\dbo_source.php, line 549]
2009-10-08 20:32:28 Warning: Warning (512): <span style = "color:Red;text-align:left"><b>SQL Error:</b> 1054: Unknown column 'Event.id' in 'where clause'</span> in [C:\wamp\www\events\cake\libs\model\datasources\dbo_source.php, line 549]
2009-10-08 20:32:29 Warning: Warning (512): <span style = "color:Red;text-align:left"><b>SQL Error:</b> 1054: Unknown column 'Event.id' in 'where clause'</span> in [C:\wamp\www\events\cake\libs\model\datasources\dbo_source.php, line 549]
2009-10-08 20:32:30 Warning: Warning (512): <span style = "color:Red;text-align:left"><b>SQL Error:</b> 1054: Unknown column 'Event.id' in 'where clause'</span> in [C:\wamp\www\events\cake\libs\model\datasources\dbo_source.php, line 549]
2009-10-08 20:33:02 Warning: Warning (512): <span style = "color:Red;text-align:left"><b>SQL Error:</b> 1054: Unknown column 'Event.id' in 'where clause'</span> in [C:\wamp\www\events\cake\libs\model\datasources\dbo_source.php, line 549]
2009-10-08 20:33:03 Warning: Warning (512): <span style = "color:Red;text-align:left"><b>SQL Error:</b> 1054: Unknown column 'Event.id' in 'where clause'</span> in [C:\wamp\www\events\cake\libs\model\datasources\dbo_source.php, line 549]
2009-10-08 20:33:39 Warning: Warning (512): <span style = "color:Red;text-align:left"><b>SQL Error:</b> 1054: Unknown column 'Event.id' in 'where clause'</span> in [C:\wamp\www\events\cake\libs\model\datasources\dbo_source.php, line 549]
2009-10-08 20:33:40 Warning: Warning (512): <span style = "color:Red;text-align:left"><b>SQL Error:</b> 1054: Unknown column 'Event.id' in 'where clause'</span> in [C:\wamp\www\events\cake\libs\model\datasources\dbo_source.php, line 549]
2009-10-08 20:33:41 Warning: Warning (512): <span style = "color:Red;text-align:left"><b>SQL Error:</b> 1054: Unknown column 'Event.id' in 'where clause'</span> in [C:\wamp\www\events\cake\libs\model\datasources\dbo_source.php, line 549]
2009-10-08 20:34:13 Warning: Warning (512): <span style = "color:Red;text-align:left"><b>SQL Error:</b> 1054: Unknown column 'Event.id' in 'where clause'</span> in [C:\wamp\www\events\cake\libs\model\datasources\dbo_source.php, line 549]
2009-10-21 20:01:14 Warning: Warning (512): <span style = "color:Red;text-align:left"><b>SQL Error:</b> 1064: You have an error in your SQL syntax; check the manual that corresponds to your MySQL server version for the right syntax to use near 'AND NOW()' at line 1</span> in [C:\wamp\www\events\cake\libs\model\datasources\dbo_source.php, line 549]
2009-10-21 20:02:31 Warning: Warning (512): <span style = "color:Red;text-align:left"><b>SQL Error:</b> 1064: You have an error in your SQL syntax; check the manual that corresponds to your MySQL server version for the right syntax to use near 'AND NOW()' at line 1</span> in [C:\wamp\www\events\cake\libs\model\datasources\dbo_source.php, line 549]
2009-10-21 20:02:41 Warning: Warning (512): <span style = "color:Red;text-align:left"><b>SQL Error:</b> 1064: You have an error in your SQL syntax; check the manual that corresponds to your MySQL server version for the right syntax to use near 'AND NOW()' at line 1</span> in [C:\wamp\www\events\cake\libs\model\datasources\dbo_source.php, line 549]
2009-11-04 19:20:25 Warning: Warning (2): implode() [<a href='http://php.net/function.implode'>function.implode</a>]: Invalid arguments passed in [C:\wamp\www\events\app\views\events\search.ctp, line 31]
2009-11-04 19:35:19 Warning: Warning (512): <span style = "color:Red;text-align:left"><b>SQL Error:</b> 1064: You have an error in your SQL syntax; check the manual that corresponds to your MySQL server version for the right syntax to use near 'findCount' at line 1</span> in [C:\wamp\www\events\cake\libs\model\datasources\dbo_source.php, line 549]
2009-11-04 19:35:19 Warning: Warning (512): <span style = "color:Red;text-align:left"><b>SQL Error:</b> 1064: You have an error in your SQL syntax; check the manual that corresponds to your MySQL server version for the right syntax to use near 'findAll' at line 1</span> in [C:\wamp\www\events\cake\libs\model\datasources\dbo_source.php, line 549]
2009-11-04 19:38:06 Warning: Warning (512): <span style = "color:Red;text-align:left"><b>SQL Error:</b> 1064: You have an error in your SQL syntax; check the manual that corresponds to your MySQL server version for the right syntax to use near 'findCount' at line 1</span> in [C:\wamp\www\events\cake\libs\model\datasources\dbo_source.php, line 549]
2009-11-04 19:38:06 Warning: Warning (512): <span style = "color:Red;text-align:left"><b>SQL Error:</b> 1064: You have an error in your SQL syntax; check the manual that corresponds to your MySQL server version for the right syntax to use near 'findAll' at line 1</span> in [C:\wamp\www\events\cake\libs\model\datasources\dbo_source.php, line 549]
2009-11-04 19:38:06 Warning: Warning (2): Invalid argument supplied for foreach() in [C:\wamp\www\events\app\views\events\search.ctp, line 7]
2009-11-04 19:38:29 Warning: Warning (512): <span style = "color:Red;text-align:left"><b>SQL Error:</b> 1064: You have an error in your SQL syntax; check the manual that corresponds to your MySQL server version for the right syntax to use near 'findCount' at line 1</span> in [C:\wamp\www\events\cake\libs\model\datasources\dbo_source.php, line 549]
2009-11-04 19:39:42 Warning: Warning (512): <span style = "color:Red;text-align:left"><b>SQL Error:</b> 1064: You have an error in your SQL syntax; check the manual that corresponds to your MySQL server version for the right syntax to use near 'findCount' at line 1</span> in [C:\wamp\www\events\cake\libs\model\datasources\dbo_source.php, line 549]
2009-11-04 19:43:36 Warning: Warning (512): <span style = "color:Red;text-align:left"><b>SQL Error:</b> 1064: You have an error in your SQL syntax; check the manual that corresponds to your MySQL server version for the right syntax to use near 'findCount' at line 1</span> in [C:\wamp\www\events\cake\libs\model\datasources\dbo_source.php, line 549]
2009-11-12 19:24:51 Warning: Warning (512): <span style = "color:Red;text-align:left"><b>SQL Error:</b> 1054: Unknown column 'Event.id' in 'order clause'</span> in [C:\wamp\www\events\cake\libs\model\datasources\dbo_source.php, line 549]
2009-11-12 19:24:52 Warning: Warning (2): Invalid argument supplied for foreach() in [C:\wamp\www\events\app\views\events\search.ctp, line 9]
2009-11-12 19:26:04 Warning: Warning (512): <span style = "color:Red;text-align:left"><b>SQL Error:</b> 1054: Unknown column 'Event.id' in 'order clause'</span> in [C:\wamp\www\events\cake\libs\model\datasources\dbo_source.php, line 549]
2009-11-12 19:26:04 Warning: Warning (2): Invalid argument supplied for foreach() in [C:\wamp\www\events\app\views\events\search.ctp, line 9]
2009-11-12 19:26:28 Warning: Warning (512): <span style = "color:Red;text-align:left"><b>SQL Error:</b> 1054: Unknown column 'Event.id' in 'order clause'</span> in [C:\wamp\www\events\cake\libs\model\datasources\dbo_source.php, line 549]
2009-11-12 19:26:28 Warning: Warning (2): Invalid argument supplied for foreach() in [C:\wamp\www\events\app\views\events\search.ctp, line 9]
2009-11-12 19:26:29 Warning: Warning (512): <span style = "color:Red;text-align:left"><b>SQL Error:</b> 1054: Unknown column 'Event.id' in 'order clause'</span> in [C:\wamp\www\events\cake\libs\model\datasources\dbo_source.php, line 549]
2009-11-12 19:26:29 Warning: Warning (2): Invalid argument supplied for foreach() in [C:\wamp\www\events\app\views\events\search.ctp, line 9]
2009-11-12 19:42:26 Warning: Warning (512): <span style = "color:Red;text-align:left"><b>SQL Error:</b> 1054: Unknown column 'Event.event_id' in 'where clause'</span> in [C:\wamp\www\events\cake\libs\model\datasources\dbo_source.php, line 549]
2009-12-02 19:07:54 Warning: Warning (2): Invalid argument supplied for foreach() in [C:\wamp\www\events\app\views\pages\home.ctp, line 11]
2009-12-02 19:07:54 Warning: Warning (2): Invalid argument supplied for foreach() in [C:\wamp\www\events\app\views\pages\home.ctp, line 75]
2009-12-02 19:09:43 Warning: Warning (2): Invalid argument supplied for foreach() in [C:\wamp\www\events\app\views\pages\home.ctp, line 11]
2009-12-02 19:09:43 Warning: Warning (2): Invalid argument supplied for foreach() in [C:\wamp\www\events\app\views\pages\home.ctp, line 75]
2009-12-02 19:23:04 Warning: Warning (2): Missing argument 1 for EventsController::details(), called in C:\wamp\www\events\cake\libs\object.php on line 123 and defined in [C:\wamp\www\events\app\controllers\events_controller.php, line 19]
2009-12-02 19:46:57 Warning: Warning (2): Invalid argument supplied for foreach() in [C:\wamp\www\events\app\models\event.php, line 25]
2009-12-02 19:47:36 Warning: Warning (2): session_regenerate_id() [<a href='http://php.net/function.session-regenerate-id'>function.session-regenerate-id</a>]: Session object destruction failed in [C:\wamp\www\events\cake\libs\cake_session.php, line 639]
2009-12-02 19:48:22 Warning: Warning (2): session_regenerate_id() [<a href='http://php.net/function.session-regenerate-id'>function.session-regenerate-id</a>]: Session object destruction failed in [C:\wamp\www\events\cake\libs\cake_session.php, line 639]
2009-12-02 19:50:51 Warning: Warning (2): session_regenerate_id() [<a href='http://php.net/function.session-regenerate-id'>function.session-regenerate-id</a>]: Session object destruction failed in [C:\wamp\www\events\cake\libs\cake_session.php, line 639]
2009-12-02 19:51:15 Warning: Warning (2): session_regenerate_id() [<a href='http://php.net/function.session-regenerate-id'>function.session-regenerate-id</a>]: Session object destruction failed in [C:\wamp\www\events\cake\libs\cake_session.php, line 639]
2009-12-02 19:54:33 Warning: Warning (2): session_regenerate_id() [<a href='http://php.net/function.session-regenerate-id'>function.session-regenerate-id</a>]: Session object destruction failed in [C:\wamp\www\events\cake\libs\cake_session.php, line 639]
